# JRE version: OpenJDK Runtime Environment (15.0.2+7) (build 15.0.2+7-27)
# Java VM: OpenJDK 64-Bit Server VM (15.0.2+7-27, mixed mode, tiered, compressed oops, g1 gc, windows-amd64)
GC Precious Log:
 CPUs: 8 total, 8 available
 Memory: 8029M
 Large Page Support: Disabled
 NUMA Support: Disabled
 Compressed Oops: Enabled (32-bit)
 Heap Region Size: 1M
 Heap Min Capacity: 8M
 Heap Initial Capacity: 126M
 Heap Max Capacity: 2008M
 Pre-touch: Disabled
 Parallel Workers: 8
 Concurrent Workers: 2
 Concurrent Refinement Workers: 8
 Periodic GC: Disabled
Heap:
 garbage-first heap   total 550912K, used 546822K [0x0000000082800000, 0x0000000100000000)
  region size 1024K, 2 young (2048K), 1 survivors (1024K)
 Metaspace       used 6786K, capacity 6893K, committed 7040K, reserved 1056768K
  class space    used 574K, capacity 591K, committed 640K, reserved 1048576K
GC Heap History (20 events):
Event: 196.724 GC heap before
{Heap before GC invocations=1270 (full 0):
 garbage-first heap   total 102400K, used 45062K [0x0000000082800000, 0x0000000100000000)
  region size 1024K, 2 young (2048K), 1 survivors (1024K)
 Metaspace       used 6786K, capacity 6893K, committed 7040K, reserved 1056768K
  class space    used 574K, capacity 591K, committed 640K, reserved 1048576K
}
Event: 196.725 GC heap after
{Heap after GC invocations=1271 (full 0):
 garbage-first heap   total 102400K, used 2054K [0x0000000082800000, 0x0000000100000000)
  region size 1024K, 1 young (1024K), 1 survivors (1024K)
 Metaspace       used 6786K, capacity 6893K, committed 7040K, reserved 1056768K
  class space    used 574K, capacity 591K, committed 640K, reserved 1048576K
}
Event: 196.735 GC heap before
{Heap before GC invocations=1272 (full 0):
 garbage-first heap   total 75776K, used 32774K [0x0000000082800000, 0x0000000100000000)
  region size 1024K, 2 young (2048K), 1 survivors (1024K)
 Metaspace       used 6786K, capacity 6893K, committed 7040K, reserved 1056768K
  class space    used 574K, capacity 591K, committed 640K, reserved 1048576K
}
Event: 196.736 GC heap after
{Heap after GC invocations=1273 (full 0):
 garbage-first heap   total 75776K, used 2054K [0x0000000082800000, 0x0000000100000000)
  region size 1024K, 1 young (1024K), 1 survivors (1024K)
 Metaspace       used 6786K, capacity 6893K, committed 7040K, reserved 1056768K
  class space    used 574K, capacity 591K, committed 640K, reserved 1048576K
}
Event: 196.747 GC heap before
{Heap before GC invocations=1274 (full 0):
 garbage-first heap   total 68608K, used 29702K [0x0000000082800000, 0x0000000100000000)
  region size 1024K, 2 young (2048K), 1 survivors (1024K)
 Metaspace       used 6786K, capacity 6893K, committed 7040K, reserved 1056768K
  class space    used 574K, capacity 591K, committed 640K, reserved 1048576K
}
Event: 196.748 GC heap after
{Heap after GC invocations=1275 (full 0):
 garbage-first heap   total 68608K, used 2054K [0x0000000082800000, 0x0000000100000000)
  region size 1024K, 1 young (1024K), 1 survivors (1024K)
 Metaspace       used 6786K, capacity 6893K, committed 7040K, reserved 1056768K
  class space    used 574K, capacity 591K, committed 640K, reserved 1048576K
}
Event: 196.757 GC heap before
{Heap before GC invocations=1276 (full 0):
 garbage-first heap   total 68608K, used 29702K [0x0000000082800000, 0x0000000100000000)
  region size 1024K, 2 young (2048K), 1 survivors (1024K)
 Metaspace       used 6786K, capacity 6893K, committed 7040K, reserved 1056768K
  class space    used 574K, capacity 591K, committed 640K, reserved 1048576K
}
Event: 196.759 GC heap after
{Heap after GC invocations=1277 (full 0):
 garbage-first heap   total 137216K, used 2054K [0x0000000082800000, 0x0000000100000000)
  region size 1024K, 1 young (1024K), 1 survivors (1024K)
 Metaspace       used 6786K, capacity 6893K, committed 7040K, reserved 1056768K
  class space    used 574K, capacity 591K, committed 640K, reserved 1048576K
}
Event: 196.773 GC heap before
{Heap before GC invocations=1278 (full 0):
 garbage-first heap   total 81920K, used 35846K [0x0000000082800000, 0x0000000100000000)
  region size 1024K, 2 young (2048K), 1 survivors (1024K)
 Metaspace       used 6786K, capacity 6893K, committed 7040K, reserved 1056768K
  class space    used 574K, capacity 591K, committed 640K, reserved 1048576K
}
Event: 196.774 GC heap after
{Heap after GC invocations=1279 (full 0):
 garbage-first heap   total 81920K, used 2054K [0x0000000082800000, 0x0000000100000000)
  region size 1024K, 1 young (1024K), 1 survivors (1024K)
 Metaspace       used 6786K, capacity 6893K, committed 7040K, reserved 1056768K
  class space    used 574K, capacity 591K, committed 640K, reserved 1048576K
}
Event: 196.784 GC heap before
{Heap before GC invocations=1280 (full 0):
 garbage-first heap   total 55296K, used 23558K [0x0000000082800000, 0x0000000100000000)
  region size 1024K, 2 young (2048K), 1 survivors (1024K)
 Metaspace       used 6786K, capacity 6893K, committed 7040K, reserved 1056768K
  class space    used 574K, capacity 591K, committed 640K, reserved 1048576K
}
Event: 196.786 GC heap after
{Heap after GC invocations=1281 (full 0):
 garbage-first heap   total 55296K, used 2054K [0x0000000082800000, 0x0000000100000000)
  region size 1024K, 1 young (1024K), 1 survivors (1024K)
 Metaspace       used 6786K, capacity 6893K, committed 7040K, reserved 1056768K
  class space    used 574K, capacity 591K, committed 640K, reserved 1048576K
}
Event: 196.794 GC heap before
{Heap before GC invocations=1282 (full 0):
 garbage-first heap   total 48128K, used 20486K [0x0000000082800000, 0x0000000100000000)
  region size 1024K, 2 young (2048K), 1 survivors (1024K)
 Metaspace       used 6786K, capacity 6893K, committed 7040K, reserved 1056768K
  class space    used 574K, capacity 591K, committed 640K, reserved 1048576K
}
Event: 196.794 GC heap after
{Heap after GC invocations=1283 (full 0):
 garbage-first heap   total 48128K, used 2054K [0x0000000082800000, 0x0000000100000000)
  region size 1024K, 1 young (1024K), 1 survivors (1024K)
 Metaspace       used 6786K, capacity 6893K, committed 7040K, reserved 1056768K
  class space    used 574K, capacity 591K, committed 640K, reserved 1048576K
}
Event: 196.803 GC heap before
{Heap before GC invocations=1284 (full 0):
 garbage-first heap   total 48128K, used 24582K [0x0000000082800000, 0x0000000100000000)
  region size 1024K, 2 young (2048K), 1 survivors (1024K)
 Metaspace       used 6786K, capacity 6893K, committed 7040K, reserved 1056768K
  class space    used 574K, capacity 591K, committed 640K, reserved 1048576K
}
Event: 196.804 GC heap after
{Heap after GC invocations=1285 (full 0):
 garbage-first heap   total 96256K, used 2054K [0x0000000082800000, 0x0000000100000000)
  region size 1024K, 1 young (1024K), 1 survivors (1024K)
 Metaspace       used 6786K, capacity 6893K, committed 7040K, reserved 1056768K
  class space    used 574K, capacity 591K, committed 640K, reserved 1048576K
}
Event: 196.815 GC heap before
{Heap before GC invocations=1286 (full 0):
 garbage-first heap   total 86016K, used 37894K [0x0000000082800000, 0x0000000100000000)
  region size 1024K, 2 young (2048K), 1 survivors (1024K)
 Metaspace       used 6786K, capacity 6893K, committed 7040K, reserved 1056768K
  class space    used 574K, capacity 591K, committed 640K, reserved 1048576K
}
Event: 196.816 GC heap after
{Heap after GC invocations=1287 (full 0):
 garbage-first heap   total 86016K, used 2054K [0x0000000082800000, 0x0000000100000000)
  region size 1024K, 1 young (1024K), 1 survivors (1024K)
 Metaspace       used 6786K, capacity 6893K, committed 7040K, reserved 1056768K
  class space    used 574K, capacity 591K, committed 640K, reserved 1048576K
}
Event: 196.827 GC heap before
{Heap before GC invocations=1288 (full 0):
 garbage-first heap   total 86016K, used 37894K [0x0000000082800000, 0x0000000100000000)
  region size 1024K, 2 young (2048K), 1 survivors (1024K)
 Metaspace       used 6786K, capacity 6893K, committed 7040K, reserved 1056768K
  class space    used 574K, capacity 591K, committed 640K, reserved 1048576K
}
Event: 196.828 GC heap after
{Heap after GC invocations=1289 (full 0):
 garbage-first heap   total 86016K, used 2054K [0x0000000082800000, 0x0000000100000000)
  region size 1024K, 1 young (1024K), 1 survivors (1024K)
 Metaspace       used 6786K, capacity 6893K, committed 7040K, reserved 1056768K
  class space    used 574K, capacity 591K, committed 640K, reserved 1048576K
}

